<?xml version="1.0" encoding="UTF-8"?>
<testsuite name="edu.example.coffeeproject.repository.ProductRepositoryTests" tests="1" skipped="0" failures="0" errors="0" timestamp="2024-09-12T05:38:51" hostname="DESKTOP-6JBPS1U" time="0.417">
  <properties/>
  <testcase name="상품_목록_보기()" classname="edu.example.coffeeproject.repository.ProductRepositoryTests" time="0.417"/>
  <system-out><![CDATA[14:38:48.588 [Test worker] INFO org.springframework.test.context.support.AnnotationConfigContextLoaderUtils -- Could not detect default configuration classes for test class [edu.example.coffeeproject.repository.ProductRepositoryTests]: ProductRepositoryTests does not declare any static, non-private, non-final, nested classes annotated with @Configuration.
14:38:48.659 [Test worker] INFO org.springframework.boot.test.context.SpringBootTestContextBootstrapper -- Found @SpringBootConfiguration edu.example.coffeeproject.CoffeeprojectApplication for test class edu.example.coffeeproject.repository.ProductRepositoryTests

  .   ____          _            __ _ _
 /\\ / ___'_ __ _ _(_)_ __  __ _ \ \ \ \
( ( )\___ | '_ | '_| | '_ \/ _` | \ \ \ \
 \\/  ___)| |_)| | | | | || (_| |  ) ) ) )
  '  |____| .__|_| |_|_| |_\__, | / / / /
 =========|_|==============|___/=/_/_/_/

 :: Spring Boot ::                (v3.3.3)

2024-09-12T14:38:48.876+09:00  INFO 30460 --- [coffeeproject] [    Test worker] e.e.c.repository.ProductRepositoryTests  : Starting ProductRepositoryTests using Java 17.0.10 with PID 30460 (started by WIN11 in C:\Users\WIN11\Desktop\NBE2_1_team1\coffeeproject)
2024-09-12T14:38:48.877+09:00  INFO 30460 --- [coffeeproject] [    Test worker] e.e.c.repository.ProductRepositoryTests  : The following 1 profile is active: "production"
2024-09-12T14:38:49.330+09:00  INFO 30460 --- [coffeeproject] [    Test worker] .s.d.r.c.RepositoryConfigurationDelegate : Bootstrapping Spring Data JPA repositories in DEFAULT mode.
2024-09-12T14:38:49.374+09:00  INFO 30460 --- [coffeeproject] [    Test worker] .s.d.r.c.RepositoryConfigurationDelegate : Finished Spring Data repository scanning in 39 ms. Found 3 JPA repository interfaces.
2024-09-12T14:38:49.691+09:00  INFO 30460 --- [coffeeproject] [    Test worker] o.hibernate.jpa.internal.util.LogHelper  : HHH000204: Processing PersistenceUnitInfo [name: default]
2024-09-12T14:38:49.733+09:00  INFO 30460 --- [coffeeproject] [    Test worker] org.hibernate.Version                    : HHH000412: Hibernate ORM core version 6.5.2.Final
2024-09-12T14:38:49.756+09:00  INFO 30460 --- [coffeeproject] [    Test worker] o.h.c.internal.RegionFactoryInitiator    : HHH000026: Second-level cache disabled
2024-09-12T14:38:49.950+09:00  INFO 30460 --- [coffeeproject] [    Test worker] o.s.o.j.p.SpringPersistenceUnitInfo      : No LoadTimeWeaver setup: ignoring JPA class transformer
2024-09-12T14:38:49.967+09:00  INFO 30460 --- [coffeeproject] [    Test worker] com.zaxxer.hikari.HikariDataSource       : HikariPool-1 - Starting...
2024-09-12T14:38:50.128+09:00  INFO 30460 --- [coffeeproject] [    Test worker] com.zaxxer.hikari.pool.HikariPool        : HikariPool-1 - Added connection com.mysql.cj.jdbc.ConnectionImpl@41f23499
2024-09-12T14:38:50.129+09:00  INFO 30460 --- [coffeeproject] [    Test worker] com.zaxxer.hikari.HikariDataSource       : HikariPool-1 - Start completed.
2024-09-12T14:38:50.749+09:00  INFO 30460 --- [coffeeproject] [    Test worker] o.h.e.t.j.p.i.JtaPlatformInitiator       : HHH000489: No JTA platform available (set 'hibernate.transaction.jta.platform' to enable JTA platform integration)
2024-09-12T14:38:50.786+09:00  INFO 30460 --- [coffeeproject] [    Test worker] j.LocalContainerEntityManagerFactoryBean : Initialized JPA EntityManagerFactory for persistence unit 'default'
2024-09-12T14:38:50.967+09:00  INFO 30460 --- [coffeeproject] [    Test worker] o.s.d.j.r.query.QueryEnhancerFactory     : Hibernate is in classpath; If applicable, HQL parser will be used.
2024-09-12T14:38:51.418+09:00  WARN 30460 --- [coffeeproject] [    Test worker] JpaBaseConfiguration$JpaWebConfiguration : spring.jpa.open-in-view is enabled by default. Therefore, database queries may be performed during view rendering. Explicitly configure spring.jpa.open-in-view to disable this warning
2024-09-12T14:38:51.703+09:00  INFO 30460 --- [coffeeproject] [    Test worker] e.e.c.repository.ProductRepositoryTests  : Started ProductRepositoryTests in 2.953 seconds (process running for 3.67)
Hibernate: 
    select
        p1_0.product_id,
        p1_0.product_name,
        p1_0.category,
        p1_0.price,
        p1_0.description 
    from
        tbl_product p1_0 
    order by
        p1_0.product_id desc 
    limit
        ?, ?
Hibernate: 
    select
        count(p1_0.product_id) 
    from
        tbl_product p1_0
ProductDTO(productId=7, productName=커피2, category=COFFEE_BEAN_PACKAGE, price=5000, description=product 등록 테스트)
ProductDTO(productId=6, productName=커피1, category=null, price=5000, description=product 등록 테스트)
ProductDTO(productId=5, productName=신규 상품_5, category=COFFEE_BEAN_PACKAGE, price=10000, description=상품 설명5)
]]></system-out>
  <system-err><![CDATA[]]></system-err>
</testsuite>
